<?xml version="1.0" encoding="UTF-8"?>
<testng-results skipped="0" failed="0" total="1" passed="1">
  <reporter-output>
    <line>
      <![CDATA[Test testValidLogin is PASS]]>
    </line>
  </reporter-output>
  <suite name="Default suite" duration-ms="287689" started-at="2019-07-02T07:53:46Z" finished-at="2019-07-02T07:58:33Z">
    <groups>
    </groups>
    <test name="Default test" duration-ms="287689" started-at="2019-07-02T07:53:46Z" finished-at="2019-07-02T07:58:33Z">
      <class name="script.ToCheckLoginWithValidESSUserPassword">
        <test-method status="PASS" signature="OpenApp()[pri:0, instance:script.ToCheckLoginWithValidESSUserPassword@457e2f02]" name="OpenApp" is-config="true" duration-ms="259826" started-at="2019-07-02T13:23:46Z" finished-at="2019-07-02T13:28:05Z">
          <reporter-output>
          </reporter-output>
        </test-method> <!-- OpenApp -->
        <test-method status="PASS" signature="testValidLogin()[pri:1, instance:script.ToCheckLoginWithValidESSUserPassword@457e2f02]" name="testValidLogin" duration-ms="26556" started-at="2019-07-02T13:28:05Z" finished-at="2019-07-02T13:28:32Z">
          <reporter-output>
          </reporter-output>
        </test-method> <!-- testValidLogin -->
        <test-method status="PASS" signature="closeApp(org.testng.ITestResult)[pri:0, instance:script.ToCheckLoginWithValidESSUserPassword@457e2f02]" name="closeApp" is-config="true" duration-ms="1268" started-at="2019-07-02T13:28:32Z" finished-at="2019-07-02T13:28:33Z">
          <params>
            <param index="0">
              <value>
                <![CDATA[[TestResult name=testValidLogin status=SUCCESS method=ToCheckLoginWithValidESSUserPassword.testValidLogin()[pri:1, instance:script.ToCheckLoginWithValidESSUserPassword@457e2f02] output={null}]]]>
              </value>
            </param>
          </params>
          <reporter-output>
            <line>
              <![CDATA[Test testValidLogin is PASS]]>
            </line>
          </reporter-output>
        </test-method> <!-- closeApp -->
      </class> <!-- script.ToCheckLoginWithValidESSUserPassword -->
    </test> <!-- Default test -->
  </suite> <!-- Default suite -->
</testng-results>
